<?xml version="1.0" encoding="UTF-8"?>
<!-- Generated by org.testng.reporters.JUnitReportReporter -->
<testsuite skipped="0" hostname="DESKTOP-VG7FOF4" name="com.pom_with_pageFactory_MercuryTours.Scripts.LoginTest" tests="1" failures="0" timestamp="2023-03-03T17:19:06 IST" time="12.031" errors="0">
  <testcase name="login" time="12.031" classname="com.pom_with_pageFactory_MercuryTours.Scripts.LoginTest"/>
  <system-out/>
</testsuite> <!-- com.pom_with_pageFactory_MercuryTours.Scripts.LoginTest -->
